2025-04-18T10:55:24.133Z - Erro ao buscar docente - Error: Table 'dg.contrato' doesn't exist
    at PromiseConnection.execute (/home/andre/Documentos/dev/dgdb/.next/server/chunks/node_modules_mysql2_a3ea85f4._.js:11347:26)
    at GET (/home/andre/Documentos/dev/dgdb/.next/server/chunks/[root of the server]__2a1305cf._.js:269:35)
    at process.processTicksAndRejections (node:internal/process/task_queues:95:5)
    at async AppRouteRouteModule.do (/home/andre/Documentos/dev/dgdb/node_modules/next/dist/compiled/next-server/app-route.runtime.dev.js:26:33891)
    at async AppRouteRouteModule.handle (/home/andre/Documentos/dev/dgdb/node_modules/next/dist/compiled/next-server/app-route.runtime.dev.js:26:41254)
    at async doRender (/home/andre/Documentos/dev/dgdb/node_modules/next/dist/server/base-server.js:1513:42)
    at async DevServer.renderToResponseWithComponentsImpl (/home/andre/Documentos/dev/dgdb/node_modules/next/dist/server/base-server.js:1915:28)
    at async DevServer.renderPageComponent (/home/andre/Documentos/dev/dgdb/node_modules/next/dist/server/base-server.js:2393:24)
    at async DevServer.renderToResponseImpl (/home/andre/Documentos/dev/dgdb/node_modules/next/dist/server/base-server.js:2430:32)
    at async DevServer.pipeImpl (/home/andre/Documentos/dev/dgdb/node_modules/next/dist/server/base-server.js:1003:25)
    at async NextNodeServer.handleCatchallRenderRequest (/home/andre/Documentos/dev/dgdb/node_modules/next/dist/server/next-server.js:304:17)
    at async DevServer.handleRequestImpl (/home/andre/Documentos/dev/dgdb/node_modules/next/dist/server/base-server.js:895:17)
    at async /home/andre/Documentos/dev/dgdb/node_modules/next/dist/server/dev/next-dev-server.js:371:20
    at async Span.traceAsyncFn (/home/andre/Documentos/dev/dgdb/node_modules/next/dist/trace/trace.js:157:20)
    at async DevServer.handleRequest (/home/andre/Documentos/dev/dgdb/node_modules/next/dist/server/dev/next-dev-server.js:368:24)
    at async invokeRender (/home/andre/Documentos/dev/dgdb/node_modules/next/dist/server/lib/router-server.js:235:21)
    at async handleRequest (/home/andre/Documentos/dev/dgdb/node_modules/next/dist/server/lib/router-server.js:426:24)
    at async requestHandlerImpl (/home/andre/Documentos/dev/dgdb/node_modules/next/dist/server/lib/router-server.js:450:13)
    at async Server.requestListener (/home/andre/Documentos/dev/dgdb/node_modules/next/dist/server/lib/start-server.js:158:13)
2025-04-18T11:00:16.519Z - Erro ao buscar docente - Error: Table 'dg.contrato' doesn't exist
    at PromiseConnection.execute (/home/andre/Documentos/dev/dgdb/.next/server/chunks/node_modules_mysql2_a3ea85f4._.js:11347:26)
    at GET (/home/andre/Documentos/dev/dgdb/.next/server/chunks/[root of the server]__2a1305cf._.js:269:35)
    at process.processTicksAndRejections (node:internal/process/task_queues:95:5)
    at async AppRouteRouteModule.do (/home/andre/Documentos/dev/dgdb/node_modules/next/dist/compiled/next-server/app-route.runtime.dev.js:26:33891)
    at async AppRouteRouteModule.handle (/home/andre/Documentos/dev/dgdb/node_modules/next/dist/compiled/next-server/app-route.runtime.dev.js:26:41254)
    at async doRender (/home/andre/Documentos/dev/dgdb/node_modules/next/dist/server/base-server.js:1513:42)
    at async DevServer.renderToResponseWithComponentsImpl (/home/andre/Documentos/dev/dgdb/node_modules/next/dist/server/base-server.js:1915:28)
    at async DevServer.renderPageComponent (/home/andre/Documentos/dev/dgdb/node_modules/next/dist/server/base-server.js:2393:24)
    at async DevServer.renderToResponseImpl (/home/andre/Documentos/dev/dgdb/node_modules/next/dist/server/base-server.js:2430:32)
    at async DevServer.pipeImpl (/home/andre/Documentos/dev/dgdb/node_modules/next/dist/server/base-server.js:1003:25)
    at async NextNodeServer.handleCatchallRenderRequest (/home/andre/Documentos/dev/dgdb/node_modules/next/dist/server/next-server.js:304:17)
    at async DevServer.handleRequestImpl (/home/andre/Documentos/dev/dgdb/node_modules/next/dist/server/base-server.js:895:17)
    at async /home/andre/Documentos/dev/dgdb/node_modules/next/dist/server/dev/next-dev-server.js:371:20
    at async Span.traceAsyncFn (/home/andre/Documentos/dev/dgdb/node_modules/next/dist/trace/trace.js:157:20)
    at async DevServer.handleRequest (/home/andre/Documentos/dev/dgdb/node_modules/next/dist/server/dev/next-dev-server.js:368:24)
    at async invokeRender (/home/andre/Documentos/dev/dgdb/node_modules/next/dist/server/lib/router-server.js:235:21)
    at async handleRequest (/home/andre/Documentos/dev/dgdb/node_modules/next/dist/server/lib/router-server.js:426:24)
    at async requestHandlerImpl (/home/andre/Documentos/dev/dgdb/node_modules/next/dist/server/lib/router-server.js:450:13)
    at async Server.requestListener (/home/andre/Documentos/dev/dgdb/node_modules/next/dist/server/lib/start-server.js:158:13)
2025-04-18T11:01:32.934Z - Erro ao buscar docente - Error: Table 'dg.contrato' doesn't exist
    at PromiseConnection.execute (/home/andre/Documentos/dev/dgdb/.next/server/chunks/node_modules_mysql2_a3ea85f4._.js:11347:26)
    at GET (/home/andre/Documentos/dev/dgdb/.next/server/chunks/[root of the server]__2a1305cf._.js:269:35)
    at process.processTicksAndRejections (node:internal/process/task_queues:95:5)
    at async AppRouteRouteModule.do (/home/andre/Documentos/dev/dgdb/node_modules/next/dist/compiled/next-server/app-route.runtime.dev.js:26:33891)
    at async AppRouteRouteModule.handle (/home/andre/Documentos/dev/dgdb/node_modules/next/dist/compiled/next-server/app-route.runtime.dev.js:26:41254)
    at async doRender (/home/andre/Documentos/dev/dgdb/node_modules/next/dist/server/base-server.js:1513:42)
    at async DevServer.renderToResponseWithComponentsImpl (/home/andre/Documentos/dev/dgdb/node_modules/next/dist/server/base-server.js:1915:28)
    at async DevServer.renderPageComponent (/home/andre/Documentos/dev/dgdb/node_modules/next/dist/server/base-server.js:2393:24)
    at async DevServer.renderToResponseImpl (/home/andre/Documentos/dev/dgdb/node_modules/next/dist/server/base-server.js:2430:32)
    at async DevServer.pipeImpl (/home/andre/Documentos/dev/dgdb/node_modules/next/dist/server/base-server.js:1003:25)
    at async NextNodeServer.handleCatchallRenderRequest (/home/andre/Documentos/dev/dgdb/node_modules/next/dist/server/next-server.js:304:17)
    at async DevServer.handleRequestImpl (/home/andre/Documentos/dev/dgdb/node_modules/next/dist/server/base-server.js:895:17)
    at async /home/andre/Documentos/dev/dgdb/node_modules/next/dist/server/dev/next-dev-server.js:371:20
    at async Span.traceAsyncFn (/home/andre/Documentos/dev/dgdb/node_modules/next/dist/trace/trace.js:157:20)
    at async DevServer.handleRequest (/home/andre/Documentos/dev/dgdb/node_modules/next/dist/server/dev/next-dev-server.js:368:24)
    at async invokeRender (/home/andre/Documentos/dev/dgdb/node_modules/next/dist/server/lib/router-server.js:235:21)
    at async handleRequest (/home/andre/Documentos/dev/dgdb/node_modules/next/dist/server/lib/router-server.js:426:24)
    at async requestHandlerImpl (/home/andre/Documentos/dev/dgdb/node_modules/next/dist/server/lib/router-server.js:450:13)
    at async Server.requestListener (/home/andre/Documentos/dev/dgdb/node_modules/next/dist/server/lib/start-server.js:158:13)
2025-04-18T11:01:37.830Z - Erro ao buscar docente - Error: Table 'dg.contrato' doesn't exist
    at PromiseConnection.execute (/home/andre/Documentos/dev/dgdb/.next/server/chunks/node_modules_mysql2_a3ea85f4._.js:11347:26)
    at GET (/home/andre/Documentos/dev/dgdb/.next/server/chunks/[root of the server]__2a1305cf._.js:269:35)
    at process.processTicksAndRejections (node:internal/process/task_queues:95:5)
    at async AppRouteRouteModule.do (/home/andre/Documentos/dev/dgdb/node_modules/next/dist/compiled/next-server/app-route.runtime.dev.js:26:33891)
    at async AppRouteRouteModule.handle (/home/andre/Documentos/dev/dgdb/node_modules/next/dist/compiled/next-server/app-route.runtime.dev.js:26:41254)
    at async doRender (/home/andre/Documentos/dev/dgdb/node_modules/next/dist/server/base-server.js:1513:42)
    at async DevServer.renderToResponseWithComponentsImpl (/home/andre/Documentos/dev/dgdb/node_modules/next/dist/server/base-server.js:1915:28)
    at async DevServer.renderPageComponent (/home/andre/Documentos/dev/dgdb/node_modules/next/dist/server/base-server.js:2393:24)
    at async DevServer.renderToResponseImpl (/home/andre/Documentos/dev/dgdb/node_modules/next/dist/server/base-server.js:2430:32)
    at async DevServer.pipeImpl (/home/andre/Documentos/dev/dgdb/node_modules/next/dist/server/base-server.js:1003:25)
    at async NextNodeServer.handleCatchallRenderRequest (/home/andre/Documentos/dev/dgdb/node_modules/next/dist/server/next-server.js:304:17)
    at async DevServer.handleRequestImpl (/home/andre/Documentos/dev/dgdb/node_modules/next/dist/server/base-server.js:895:17)
    at async /home/andre/Documentos/dev/dgdb/node_modules/next/dist/server/dev/next-dev-server.js:371:20
    at async Span.traceAsyncFn (/home/andre/Documentos/dev/dgdb/node_modules/next/dist/trace/trace.js:157:20)
    at async DevServer.handleRequest (/home/andre/Documentos/dev/dgdb/node_modules/next/dist/server/dev/next-dev-server.js:368:24)
    at async invokeRender (/home/andre/Documentos/dev/dgdb/node_modules/next/dist/server/lib/router-server.js:235:21)
    at async handleRequest (/home/andre/Documentos/dev/dgdb/node_modules/next/dist/server/lib/router-server.js:426:24)
    at async requestHandlerImpl (/home/andre/Documentos/dev/dgdb/node_modules/next/dist/server/lib/router-server.js:450:13)
    at async Server.requestListener (/home/andre/Documentos/dev/dgdb/node_modules/next/dist/server/lib/start-server.js:158:13)
2025-04-18T11:02:30.080Z - Erro ao buscar docente - Error: Table 'dg.contrato' doesn't exist
    at PromiseConnection.execute (/home/andre/Documentos/dev/dgdb/.next/server/chunks/node_modules_mysql2_a3ea85f4._.js:11347:26)
    at GET (/home/andre/Documentos/dev/dgdb/.next/server/chunks/[root of the server]__2a1305cf._.js:269:35)
    at process.processTicksAndRejections (node:internal/process/task_queues:95:5)
    at async AppRouteRouteModule.do (/home/andre/Documentos/dev/dgdb/node_modules/next/dist/compiled/next-server/app-route.runtime.dev.js:26:33891)
    at async AppRouteRouteModule.handle (/home/andre/Documentos/dev/dgdb/node_modules/next/dist/compiled/next-server/app-route.runtime.dev.js:26:41254)
    at async doRender (/home/andre/Documentos/dev/dgdb/node_modules/next/dist/server/base-server.js:1513:42)
    at async DevServer.renderToResponseWithComponentsImpl (/home/andre/Documentos/dev/dgdb/node_modules/next/dist/server/base-server.js:1915:28)
    at async DevServer.renderPageComponent (/home/andre/Documentos/dev/dgdb/node_modules/next/dist/server/base-server.js:2393:24)
    at async DevServer.renderToResponseImpl (/home/andre/Documentos/dev/dgdb/node_modules/next/dist/server/base-server.js:2430:32)
    at async DevServer.pipeImpl (/home/andre/Documentos/dev/dgdb/node_modules/next/dist/server/base-server.js:1003:25)
    at async NextNodeServer.handleCatchallRenderRequest (/home/andre/Documentos/dev/dgdb/node_modules/next/dist/server/next-server.js:304:17)
    at async DevServer.handleRequestImpl (/home/andre/Documentos/dev/dgdb/node_modules/next/dist/server/base-server.js:895:17)
    at async /home/andre/Documentos/dev/dgdb/node_modules/next/dist/server/dev/next-dev-server.js:371:20
    at async Span.traceAsyncFn (/home/andre/Documentos/dev/dgdb/node_modules/next/dist/trace/trace.js:157:20)
    at async DevServer.handleRequest (/home/andre/Documentos/dev/dgdb/node_modules/next/dist/server/dev/next-dev-server.js:368:24)
    at async invokeRender (/home/andre/Documentos/dev/dgdb/node_modules/next/dist/server/lib/router-server.js:235:21)
    at async handleRequest (/home/andre/Documentos/dev/dgdb/node_modules/next/dist/server/lib/router-server.js:426:24)
    at async requestHandlerImpl (/home/andre/Documentos/dev/dgdb/node_modules/next/dist/server/lib/router-server.js:450:13)
    at async Server.requestListener (/home/andre/Documentos/dev/dgdb/node_modules/next/dist/server/lib/start-server.js:158:13)
2025-04-18T11:03:33.834Z - Erro ao buscar docente - Error: Table 'dg.contrato' doesn't exist
    at PromiseConnection.execute (/home/andre/Documentos/dev/dgdb/.next/server/chunks/node_modules_mysql2_a3ea85f4._.js:11347:26)
    at GET (/home/andre/Documentos/dev/dgdb/.next/server/chunks/[root of the server]__2a1305cf._.js:269:35)
    at process.processTicksAndRejections (node:internal/process/task_queues:95:5)
    at async AppRouteRouteModule.do (/home/andre/Documentos/dev/dgdb/node_modules/next/dist/compiled/next-server/app-route.runtime.dev.js:26:33891)
    at async AppRouteRouteModule.handle (/home/andre/Documentos/dev/dgdb/node_modules/next/dist/compiled/next-server/app-route.runtime.dev.js:26:41254)
    at async doRender (/home/andre/Documentos/dev/dgdb/node_modules/next/dist/server/base-server.js:1513:42)
    at async DevServer.renderToResponseWithComponentsImpl (/home/andre/Documentos/dev/dgdb/node_modules/next/dist/server/base-server.js:1915:28)
    at async DevServer.renderPageComponent (/home/andre/Documentos/dev/dgdb/node_modules/next/dist/server/base-server.js:2393:24)
    at async DevServer.renderToResponseImpl (/home/andre/Documentos/dev/dgdb/node_modules/next/dist/server/base-server.js:2430:32)
    at async DevServer.pipeImpl (/home/andre/Documentos/dev/dgdb/node_modules/next/dist/server/base-server.js:1003:25)
    at async NextNodeServer.handleCatchallRenderRequest (/home/andre/Documentos/dev/dgdb/node_modules/next/dist/server/next-server.js:304:17)
    at async DevServer.handleRequestImpl (/home/andre/Documentos/dev/dgdb/node_modules/next/dist/server/base-server.js:895:17)
    at async /home/andre/Documentos/dev/dgdb/node_modules/next/dist/server/dev/next-dev-server.js:371:20
    at async Span.traceAsyncFn (/home/andre/Documentos/dev/dgdb/node_modules/next/dist/trace/trace.js:157:20)
    at async DevServer.handleRequest (/home/andre/Documentos/dev/dgdb/node_modules/next/dist/server/dev/next-dev-server.js:368:24)
    at async invokeRender (/home/andre/Documentos/dev/dgdb/node_modules/next/dist/server/lib/router-server.js:235:21)
    at async handleRequest (/home/andre/Documentos/dev/dgdb/node_modules/next/dist/server/lib/router-server.js:426:24)
    at async requestHandlerImpl (/home/andre/Documentos/dev/dgdb/node_modules/next/dist/server/lib/router-server.js:450:13)
    at async Server.requestListener (/home/andre/Documentos/dev/dgdb/node_modules/next/dist/server/lib/start-server.js:158:13)
2025-04-18T11:09:11.910Z - Erro ao buscar docente - Error: Table 'dg.contrato' doesn't exist
    at PromiseConnection.execute (/home/andre/Documentos/dev/dgdb/.next/server/chunks/node_modules_mysql2_a3ea85f4._.js:11347:26)
    at GET (/home/andre/Documentos/dev/dgdb/.next/server/chunks/[root of the server]__2a1305cf._.js:269:35)
    at process.processTicksAndRejections (node:internal/process/task_queues:95:5)
    at async AppRouteRouteModule.do (/home/andre/Documentos/dev/dgdb/node_modules/next/dist/compiled/next-server/app-route.runtime.dev.js:26:33891)
    at async AppRouteRouteModule.handle (/home/andre/Documentos/dev/dgdb/node_modules/next/dist/compiled/next-server/app-route.runtime.dev.js:26:41254)
    at async doRender (/home/andre/Documentos/dev/dgdb/node_modules/next/dist/server/base-server.js:1513:42)
    at async DevServer.renderToResponseWithComponentsImpl (/home/andre/Documentos/dev/dgdb/node_modules/next/dist/server/base-server.js:1915:28)
    at async DevServer.renderPageComponent (/home/andre/Documentos/dev/dgdb/node_modules/next/dist/server/base-server.js:2393:24)
    at async DevServer.renderToResponseImpl (/home/andre/Documentos/dev/dgdb/node_modules/next/dist/server/base-server.js:2430:32)
    at async DevServer.pipeImpl (/home/andre/Documentos/dev/dgdb/node_modules/next/dist/server/base-server.js:1003:25)
    at async NextNodeServer.handleCatchallRenderRequest (/home/andre/Documentos/dev/dgdb/node_modules/next/dist/server/next-server.js:304:17)
    at async DevServer.handleRequestImpl (/home/andre/Documentos/dev/dgdb/node_modules/next/dist/server/base-server.js:895:17)
    at async /home/andre/Documentos/dev/dgdb/node_modules/next/dist/server/dev/next-dev-server.js:371:20
    at async Span.traceAsyncFn (/home/andre/Documentos/dev/dgdb/node_modules/next/dist/trace/trace.js:157:20)
    at async DevServer.handleRequest (/home/andre/Documentos/dev/dgdb/node_modules/next/dist/server/dev/next-dev-server.js:368:24)
    at async invokeRender (/home/andre/Documentos/dev/dgdb/node_modules/next/dist/server/lib/router-server.js:235:21)
    at async handleRequest (/home/andre/Documentos/dev/dgdb/node_modules/next/dist/server/lib/router-server.js:426:24)
    at async requestHandlerImpl (/home/andre/Documentos/dev/dgdb/node_modules/next/dist/server/lib/router-server.js:450:13)
    at async Server.requestListener (/home/andre/Documentos/dev/dgdb/node_modules/next/dist/server/lib/start-server.js:158:13)
2025-04-18T11:09:49.212Z - Erro ao buscar docente - Error: Table 'dg.contrato' doesn't exist
    at PromiseConnection.execute (/home/andre/Documentos/dev/dgdb/.next/server/chunks/node_modules_mysql2_a3ea85f4._.js:11347:26)
    at GET (/home/andre/Documentos/dev/dgdb/.next/server/chunks/[root of the server]__2a1305cf._.js:269:35)
    at process.processTicksAndRejections (node:internal/process/task_queues:95:5)
    at async AppRouteRouteModule.do (/home/andre/Documentos/dev/dgdb/node_modules/next/dist/compiled/next-server/app-route.runtime.dev.js:26:33891)
    at async AppRouteRouteModule.handle (/home/andre/Documentos/dev/dgdb/node_modules/next/dist/compiled/next-server/app-route.runtime.dev.js:26:41254)
    at async doRender (/home/andre/Documentos/dev/dgdb/node_modules/next/dist/server/base-server.js:1513:42)
    at async DevServer.renderToResponseWithComponentsImpl (/home/andre/Documentos/dev/dgdb/node_modules/next/dist/server/base-server.js:1915:28)
    at async DevServer.renderPageComponent (/home/andre/Documentos/dev/dgdb/node_modules/next/dist/server/base-server.js:2393:24)
    at async DevServer.renderToResponseImpl (/home/andre/Documentos/dev/dgdb/node_modules/next/dist/server/base-server.js:2430:32)
    at async DevServer.pipeImpl (/home/andre/Documentos/dev/dgdb/node_modules/next/dist/server/base-server.js:1003:25)
    at async NextNodeServer.handleCatchallRenderRequest (/home/andre/Documentos/dev/dgdb/node_modules/next/dist/server/next-server.js:304:17)
    at async DevServer.handleRequestImpl (/home/andre/Documentos/dev/dgdb/node_modules/next/dist/server/base-server.js:895:17)
    at async /home/andre/Documentos/dev/dgdb/node_modules/next/dist/server/dev/next-dev-server.js:371:20
    at async Span.traceAsyncFn (/home/andre/Documentos/dev/dgdb/node_modules/next/dist/trace/trace.js:157:20)
    at async DevServer.handleRequest (/home/andre/Documentos/dev/dgdb/node_modules/next/dist/server/dev/next-dev-server.js:368:24)
    at async invokeRender (/home/andre/Documentos/dev/dgdb/node_modules/next/dist/server/lib/router-server.js:235:21)
    at async handleRequest (/home/andre/Documentos/dev/dgdb/node_modules/next/dist/server/lib/router-server.js:426:24)
    at async requestHandlerImpl (/home/andre/Documentos/dev/dgdb/node_modules/next/dist/server/lib/router-server.js:450:13)
    at async Server.requestListener (/home/andre/Documentos/dev/dgdb/node_modules/next/dist/server/lib/start-server.js:158:13)
2025-04-18T11:10:09.128Z - Erro ao buscar docente - Error: Table 'dg.contrato' doesn't exist
    at PromiseConnection.execute (/home/andre/Documentos/dev/dgdb/.next/server/chunks/node_modules_mysql2_a3ea85f4._.js:11347:26)
    at GET (/home/andre/Documentos/dev/dgdb/.next/server/chunks/[root of the server]__2a1305cf._.js:269:35)
    at process.processTicksAndRejections (node:internal/process/task_queues:95:5)
    at async AppRouteRouteModule.do (/home/andre/Documentos/dev/dgdb/node_modules/next/dist/compiled/next-server/app-route.runtime.dev.js:26:33891)
    at async AppRouteRouteModule.handle (/home/andre/Documentos/dev/dgdb/node_modules/next/dist/compiled/next-server/app-route.runtime.dev.js:26:41254)
    at async doRender (/home/andre/Documentos/dev/dgdb/node_modules/next/dist/server/base-server.js:1513:42)
    at async DevServer.renderToResponseWithComponentsImpl (/home/andre/Documentos/dev/dgdb/node_modules/next/dist/server/base-server.js:1915:28)
    at async DevServer.renderPageComponent (/home/andre/Documentos/dev/dgdb/node_modules/next/dist/server/base-server.js:2393:24)
    at async DevServer.renderToResponseImpl (/home/andre/Documentos/dev/dgdb/node_modules/next/dist/server/base-server.js:2430:32)
    at async DevServer.pipeImpl (/home/andre/Documentos/dev/dgdb/node_modules/next/dist/server/base-server.js:1003:25)
    at async NextNodeServer.handleCatchallRenderRequest (/home/andre/Documentos/dev/dgdb/node_modules/next/dist/server/next-server.js:304:17)
    at async DevServer.handleRequestImpl (/home/andre/Documentos/dev/dgdb/node_modules/next/dist/server/base-server.js:895:17)
    at async /home/andre/Documentos/dev/dgdb/node_modules/next/dist/server/dev/next-dev-server.js:371:20
    at async Span.traceAsyncFn (/home/andre/Documentos/dev/dgdb/node_modules/next/dist/trace/trace.js:157:20)
    at async DevServer.handleRequest (/home/andre/Documentos/dev/dgdb/node_modules/next/dist/server/dev/next-dev-server.js:368:24)
    at async invokeRender (/home/andre/Documentos/dev/dgdb/node_modules/next/dist/server/lib/router-server.js:235:21)
    at async handleRequest (/home/andre/Documentos/dev/dgdb/node_modules/next/dist/server/lib/router-server.js:426:24)
    at async requestHandlerImpl (/home/andre/Documentos/dev/dgdb/node_modules/next/dist/server/lib/router-server.js:450:13)
    at async Server.requestListener (/home/andre/Documentos/dev/dgdb/node_modules/next/dist/server/lib/start-server.js:158:13)
2025-04-18T11:10:41.235Z - Erro ao buscar docente - Error: Table 'dg.contrato' doesn't exist
    at PromiseConnection.execute (/home/andre/Documentos/dev/dgdb/.next/server/chunks/node_modules_mysql2_a3ea85f4._.js:11347:26)
    at GET (/home/andre/Documentos/dev/dgdb/.next/server/chunks/[root of the server]__2a1305cf._.js:269:35)
    at process.processTicksAndRejections (node:internal/process/task_queues:95:5)
    at async AppRouteRouteModule.do (/home/andre/Documentos/dev/dgdb/node_modules/next/dist/compiled/next-server/app-route.runtime.dev.js:26:33891)
    at async AppRouteRouteModule.handle (/home/andre/Documentos/dev/dgdb/node_modules/next/dist/compiled/next-server/app-route.runtime.dev.js:26:41254)
    at async doRender (/home/andre/Documentos/dev/dgdb/node_modules/next/dist/server/base-server.js:1513:42)
    at async DevServer.renderToResponseWithComponentsImpl (/home/andre/Documentos/dev/dgdb/node_modules/next/dist/server/base-server.js:1915:28)
    at async DevServer.renderPageComponent (/home/andre/Documentos/dev/dgdb/node_modules/next/dist/server/base-server.js:2393:24)
    at async DevServer.renderToResponseImpl (/home/andre/Documentos/dev/dgdb/node_modules/next/dist/server/base-server.js:2430:32)
    at async DevServer.pipeImpl (/home/andre/Documentos/dev/dgdb/node_modules/next/dist/server/base-server.js:1003:25)
    at async NextNodeServer.handleCatchallRenderRequest (/home/andre/Documentos/dev/dgdb/node_modules/next/dist/server/next-server.js:304:17)
    at async DevServer.handleRequestImpl (/home/andre/Documentos/dev/dgdb/node_modules/next/dist/server/base-server.js:895:17)
    at async /home/andre/Documentos/dev/dgdb/node_modules/next/dist/server/dev/next-dev-server.js:371:20
    at async Span.traceAsyncFn (/home/andre/Documentos/dev/dgdb/node_modules/next/dist/trace/trace.js:157:20)
    at async DevServer.handleRequest (/home/andre/Documentos/dev/dgdb/node_modules/next/dist/server/dev/next-dev-server.js:368:24)
    at async invokeRender (/home/andre/Documentos/dev/dgdb/node_modules/next/dist/server/lib/router-server.js:235:21)
    at async handleRequest (/home/andre/Documentos/dev/dgdb/node_modules/next/dist/server/lib/router-server.js:426:24)
    at async requestHandlerImpl (/home/andre/Documentos/dev/dgdb/node_modules/next/dist/server/lib/router-server.js:450:13)
    at async Server.requestListener (/home/andre/Documentos/dev/dgdb/node_modules/next/dist/server/lib/start-server.js:158:13)
2025-04-18T11:10:48.230Z - Erro ao buscar docente - Error: Table 'dg.contrato' doesn't exist
    at PromiseConnection.execute (/home/andre/Documentos/dev/dgdb/.next/server/chunks/node_modules_mysql2_a3ea85f4._.js:11347:26)
    at GET (/home/andre/Documentos/dev/dgdb/.next/server/chunks/[root of the server]__2a1305cf._.js:269:35)
    at process.processTicksAndRejections (node:internal/process/task_queues:95:5)
    at async AppRouteRouteModule.do (/home/andre/Documentos/dev/dgdb/node_modules/next/dist/compiled/next-server/app-route.runtime.dev.js:26:33891)
    at async AppRouteRouteModule.handle (/home/andre/Documentos/dev/dgdb/node_modules/next/dist/compiled/next-server/app-route.runtime.dev.js:26:41254)
    at async doRender (/home/andre/Documentos/dev/dgdb/node_modules/next/dist/server/base-server.js:1513:42)
    at async DevServer.renderToResponseWithComponentsImpl (/home/andre/Documentos/dev/dgdb/node_modules/next/dist/server/base-server.js:1915:28)
    at async DevServer.renderPageComponent (/home/andre/Documentos/dev/dgdb/node_modules/next/dist/server/base-server.js:2393:24)
    at async DevServer.renderToResponseImpl (/home/andre/Documentos/dev/dgdb/node_modules/next/dist/server/base-server.js:2430:32)
    at async DevServer.pipeImpl (/home/andre/Documentos/dev/dgdb/node_modules/next/dist/server/base-server.js:1003:25)
    at async NextNodeServer.handleCatchallRenderRequest (/home/andre/Documentos/dev/dgdb/node_modules/next/dist/server/next-server.js:304:17)
    at async DevServer.handleRequestImpl (/home/andre/Documentos/dev/dgdb/node_modules/next/dist/server/base-server.js:895:17)
    at async /home/andre/Documentos/dev/dgdb/node_modules/next/dist/server/dev/next-dev-server.js:371:20
    at async Span.traceAsyncFn (/home/andre/Documentos/dev/dgdb/node_modules/next/dist/trace/trace.js:157:20)
    at async DevServer.handleRequest (/home/andre/Documentos/dev/dgdb/node_modules/next/dist/server/dev/next-dev-server.js:368:24)
    at async invokeRender (/home/andre/Documentos/dev/dgdb/node_modules/next/dist/server/lib/router-server.js:235:21)
    at async handleRequest (/home/andre/Documentos/dev/dgdb/node_modules/next/dist/server/lib/router-server.js:426:24)
    at async requestHandlerImpl (/home/andre/Documentos/dev/dgdb/node_modules/next/dist/server/lib/router-server.js:450:13)
    at async Server.requestListener (/home/andre/Documentos/dev/dgdb/node_modules/next/dist/server/lib/start-server.js:158:13)
2025-04-18T11:11:13.452Z - Erro ao buscar docente - Error: Table 'dg.contrato' doesn't exist
    at PromiseConnection.execute (/home/andre/Documentos/dev/dgdb/.next/server/chunks/node_modules_mysql2_a3ea85f4._.js:11347:26)
    at GET (/home/andre/Documentos/dev/dgdb/.next/server/chunks/[root of the server]__2a1305cf._.js:269:35)
    at process.processTicksAndRejections (node:internal/process/task_queues:95:5)
    at async AppRouteRouteModule.do (/home/andre/Documentos/dev/dgdb/node_modules/next/dist/compiled/next-server/app-route.runtime.dev.js:26:33891)
    at async AppRouteRouteModule.handle (/home/andre/Documentos/dev/dgdb/node_modules/next/dist/compiled/next-server/app-route.runtime.dev.js:26:41254)
    at async doRender (/home/andre/Documentos/dev/dgdb/node_modules/next/dist/server/base-server.js:1513:42)
    at async DevServer.renderToResponseWithComponentsImpl (/home/andre/Documentos/dev/dgdb/node_modules/next/dist/server/base-server.js:1915:28)
    at async DevServer.renderPageComponent (/home/andre/Documentos/dev/dgdb/node_modules/next/dist/server/base-server.js:2393:24)
    at async DevServer.renderToResponseImpl (/home/andre/Documentos/dev/dgdb/node_modules/next/dist/server/base-server.js:2430:32)
    at async DevServer.pipeImpl (/home/andre/Documentos/dev/dgdb/node_modules/next/dist/server/base-server.js:1003:25)
    at async NextNodeServer.handleCatchallRenderRequest (/home/andre/Documentos/dev/dgdb/node_modules/next/dist/server/next-server.js:304:17)
    at async DevServer.handleRequestImpl (/home/andre/Documentos/dev/dgdb/node_modules/next/dist/server/base-server.js:895:17)
    at async /home/andre/Documentos/dev/dgdb/node_modules/next/dist/server/dev/next-dev-server.js:371:20
    at async Span.traceAsyncFn (/home/andre/Documentos/dev/dgdb/node_modules/next/dist/trace/trace.js:157:20)
    at async DevServer.handleRequest (/home/andre/Documentos/dev/dgdb/node_modules/next/dist/server/dev/next-dev-server.js:368:24)
    at async invokeRender (/home/andre/Documentos/dev/dgdb/node_modules/next/dist/server/lib/router-server.js:235:21)
    at async handleRequest (/home/andre/Documentos/dev/dgdb/node_modules/next/dist/server/lib/router-server.js:426:24)
    at async requestHandlerImpl (/home/andre/Documentos/dev/dgdb/node_modules/next/dist/server/lib/router-server.js:450:13)
    at async Server.requestListener (/home/andre/Documentos/dev/dgdb/node_modules/next/dist/server/lib/start-server.js:158:13)
2025-04-18T11:11:26.236Z - Erro ao buscar docente - Error: Table 'dg.contrato' doesn't exist
    at PromiseConnection.execute (/home/andre/Documentos/dev/dgdb/.next/server/chunks/node_modules_mysql2_a3ea85f4._.js:11347:26)
    at GET (/home/andre/Documentos/dev/dgdb/.next/server/chunks/[root of the server]__2a1305cf._.js:269:35)
    at process.processTicksAndRejections (node:internal/process/task_queues:95:5)
    at async AppRouteRouteModule.do (/home/andre/Documentos/dev/dgdb/node_modules/next/dist/compiled/next-server/app-route.runtime.dev.js:26:33891)
    at async AppRouteRouteModule.handle (/home/andre/Documentos/dev/dgdb/node_modules/next/dist/compiled/next-server/app-route.runtime.dev.js:26:41254)
    at async doRender (/home/andre/Documentos/dev/dgdb/node_modules/next/dist/server/base-server.js:1513:42)
    at async DevServer.renderToResponseWithComponentsImpl (/home/andre/Documentos/dev/dgdb/node_modules/next/dist/server/base-server.js:1915:28)
    at async DevServer.renderPageComponent (/home/andre/Documentos/dev/dgdb/node_modules/next/dist/server/base-server.js:2393:24)
    at async DevServer.renderToResponseImpl (/home/andre/Documentos/dev/dgdb/node_modules/next/dist/server/base-server.js:2430:32)
    at async DevServer.pipeImpl (/home/andre/Documentos/dev/dgdb/node_modules/next/dist/server/base-server.js:1003:25)
    at async NextNodeServer.handleCatchallRenderRequest (/home/andre/Documentos/dev/dgdb/node_modules/next/dist/server/next-server.js:304:17)
    at async DevServer.handleRequestImpl (/home/andre/Documentos/dev/dgdb/node_modules/next/dist/server/base-server.js:895:17)
    at async /home/andre/Documentos/dev/dgdb/node_modules/next/dist/server/dev/next-dev-server.js:371:20
    at async Span.traceAsyncFn (/home/andre/Documentos/dev/dgdb/node_modules/next/dist/trace/trace.js:157:20)
    at async DevServer.handleRequest (/home/andre/Documentos/dev/dgdb/node_modules/next/dist/server/dev/next-dev-server.js:368:24)
    at async invokeRender (/home/andre/Documentos/dev/dgdb/node_modules/next/dist/server/lib/router-server.js:235:21)
    at async handleRequest (/home/andre/Documentos/dev/dgdb/node_modules/next/dist/server/lib/router-server.js:426:24)
    at async requestHandlerImpl (/home/andre/Documentos/dev/dgdb/node_modules/next/dist/server/lib/router-server.js:450:13)
    at async Server.requestListener (/home/andre/Documentos/dev/dgdb/node_modules/next/dist/server/lib/start-server.js:158:13)
2025-04-18T11:27:25.010Z - Erro ao buscar docente - Error: Table 'dg.contrato' doesn't exist
    at PromiseConnection.execute (/home/andre/Documentos/dev/dgdb/.next/server/chunks/node_modules_mysql2_a3ea85f4._.js:11347:26)
    at GET (/home/andre/Documentos/dev/dgdb/.next/server/chunks/[root of the server]__2a1305cf._.js:269:35)
    at process.processTicksAndRejections (node:internal/process/task_queues:95:5)
    at async AppRouteRouteModule.do (/home/andre/Documentos/dev/dgdb/node_modules/next/dist/compiled/next-server/app-route.runtime.dev.js:26:33891)
    at async AppRouteRouteModule.handle (/home/andre/Documentos/dev/dgdb/node_modules/next/dist/compiled/next-server/app-route.runtime.dev.js:26:41254)
    at async doRender (/home/andre/Documentos/dev/dgdb/node_modules/next/dist/server/base-server.js:1513:42)
    at async DevServer.renderToResponseWithComponentsImpl (/home/andre/Documentos/dev/dgdb/node_modules/next/dist/server/base-server.js:1915:28)
    at async DevServer.renderPageComponent (/home/andre/Documentos/dev/dgdb/node_modules/next/dist/server/base-server.js:2393:24)
    at async DevServer.renderToResponseImpl (/home/andre/Documentos/dev/dgdb/node_modules/next/dist/server/base-server.js:2430:32)
    at async DevServer.pipeImpl (/home/andre/Documentos/dev/dgdb/node_modules/next/dist/server/base-server.js:1003:25)
    at async NextNodeServer.handleCatchallRenderRequest (/home/andre/Documentos/dev/dgdb/node_modules/next/dist/server/next-server.js:304:17)
    at async DevServer.handleRequestImpl (/home/andre/Documentos/dev/dgdb/node_modules/next/dist/server/base-server.js:895:17)
    at async /home/andre/Documentos/dev/dgdb/node_modules/next/dist/server/dev/next-dev-server.js:371:20
    at async Span.traceAsyncFn (/home/andre/Documentos/dev/dgdb/node_modules/next/dist/trace/trace.js:157:20)
    at async DevServer.handleRequest (/home/andre/Documentos/dev/dgdb/node_modules/next/dist/server/dev/next-dev-server.js:368:24)
    at async invokeRender (/home/andre/Documentos/dev/dgdb/node_modules/next/dist/server/lib/router-server.js:235:21)
    at async handleRequest (/home/andre/Documentos/dev/dgdb/node_modules/next/dist/server/lib/router-server.js:426:24)
    at async requestHandlerImpl (/home/andre/Documentos/dev/dgdb/node_modules/next/dist/server/lib/router-server.js:450:13)
    at async Server.requestListener (/home/andre/Documentos/dev/dgdb/node_modules/next/dist/server/lib/start-server.js:158:13)
2025-04-18T11:31:32.098Z - Erro ao buscar docente - Error: Table 'dg.contrato' doesn't exist
    at PromiseConnection.execute (/home/andre/Documentos/dev/dgdb/.next/server/chunks/node_modules_mysql2_a3ea85f4._.js:11347:26)
    at GET (/home/andre/Documentos/dev/dgdb/.next/server/chunks/[root of the server]__2a1305cf._.js:269:35)
    at process.processTicksAndRejections (node:internal/process/task_queues:95:5)
    at async AppRouteRouteModule.do (/home/andre/Documentos/dev/dgdb/node_modules/next/dist/compiled/next-server/app-route.runtime.dev.js:26:33891)
    at async AppRouteRouteModule.handle (/home/andre/Documentos/dev/dgdb/node_modules/next/dist/compiled/next-server/app-route.runtime.dev.js:26:41254)
    at async doRender (/home/andre/Documentos/dev/dgdb/node_modules/next/dist/server/base-server.js:1513:42)
    at async DevServer.renderToResponseWithComponentsImpl (/home/andre/Documentos/dev/dgdb/node_modules/next/dist/server/base-server.js:1915:28)
    at async DevServer.renderPageComponent (/home/andre/Documentos/dev/dgdb/node_modules/next/dist/server/base-server.js:2393:24)
    at async DevServer.renderToResponseImpl (/home/andre/Documentos/dev/dgdb/node_modules/next/dist/server/base-server.js:2430:32)
    at async DevServer.pipeImpl (/home/andre/Documentos/dev/dgdb/node_modules/next/dist/server/base-server.js:1003:25)
    at async NextNodeServer.handleCatchallRenderRequest (/home/andre/Documentos/dev/dgdb/node_modules/next/dist/server/next-server.js:304:17)
    at async DevServer.handleRequestImpl (/home/andre/Documentos/dev/dgdb/node_modules/next/dist/server/base-server.js:895:17)
    at async /home/andre/Documentos/dev/dgdb/node_modules/next/dist/server/dev/next-dev-server.js:371:20
    at async Span.traceAsyncFn (/home/andre/Documentos/dev/dgdb/node_modules/next/dist/trace/trace.js:157:20)
    at async DevServer.handleRequest (/home/andre/Documentos/dev/dgdb/node_modules/next/dist/server/dev/next-dev-server.js:368:24)
    at async invokeRender (/home/andre/Documentos/dev/dgdb/node_modules/next/dist/server/lib/router-server.js:235:21)
    at async handleRequest (/home/andre/Documentos/dev/dgdb/node_modules/next/dist/server/lib/router-server.js:426:24)
    at async requestHandlerImpl (/home/andre/Documentos/dev/dgdb/node_modules/next/dist/server/lib/router-server.js:450:13)
    at async Server.requestListener (/home/andre/Documentos/dev/dgdb/node_modules/next/dist/server/lib/start-server.js:158:13)
2025-04-18T11:51:47.111Z - Erro ao buscar docente - Error: Table 'dg.contrato' doesn't exist
    at PromiseConnection.execute (/home/andre/Documentos/dev/dgdb/.next/server/chunks/node_modules_mysql2_a3ea85f4._.js:11347:26)
    at GET (/home/andre/Documentos/dev/dgdb/.next/server/chunks/[root of the server]__2a1305cf._.js:269:35)
    at process.processTicksAndRejections (node:internal/process/task_queues:95:5)
    at async AppRouteRouteModule.do (/home/andre/Documentos/dev/dgdb/node_modules/next/dist/compiled/next-server/app-route.runtime.dev.js:26:33891)
    at async AppRouteRouteModule.handle (/home/andre/Documentos/dev/dgdb/node_modules/next/dist/compiled/next-server/app-route.runtime.dev.js:26:41254)
    at async doRender (/home/andre/Documentos/dev/dgdb/node_modules/next/dist/server/base-server.js:1513:42)
    at async DevServer.renderToResponseWithComponentsImpl (/home/andre/Documentos/dev/dgdb/node_modules/next/dist/server/base-server.js:1915:28)
    at async DevServer.renderPageComponent (/home/andre/Documentos/dev/dgdb/node_modules/next/dist/server/base-server.js:2393:24)
    at async DevServer.renderToResponseImpl (/home/andre/Documentos/dev/dgdb/node_modules/next/dist/server/base-server.js:2430:32)
    at async DevServer.pipeImpl (/home/andre/Documentos/dev/dgdb/node_modules/next/dist/server/base-server.js:1003:25)
    at async NextNodeServer.handleCatchallRenderRequest (/home/andre/Documentos/dev/dgdb/node_modules/next/dist/server/next-server.js:304:17)
    at async DevServer.handleRequestImpl (/home/andre/Documentos/dev/dgdb/node_modules/next/dist/server/base-server.js:895:17)
    at async /home/andre/Documentos/dev/dgdb/node_modules/next/dist/server/dev/next-dev-server.js:371:20
    at async Span.traceAsyncFn (/home/andre/Documentos/dev/dgdb/node_modules/next/dist/trace/trace.js:157:20)
    at async DevServer.handleRequest (/home/andre/Documentos/dev/dgdb/node_modules/next/dist/server/dev/next-dev-server.js:368:24)
    at async invokeRender (/home/andre/Documentos/dev/dgdb/node_modules/next/dist/server/lib/router-server.js:235:21)
    at async handleRequest (/home/andre/Documentos/dev/dgdb/node_modules/next/dist/server/lib/router-server.js:426:24)
    at async requestHandlerImpl (/home/andre/Documentos/dev/dgdb/node_modules/next/dist/server/lib/router-server.js:450:13)
    at async Server.requestListener (/home/andre/Documentos/dev/dgdb/node_modules/next/dist/server/lib/start-server.js:158:13)
2025-04-18T11:54:27.996Z - Erro ao buscar docente - Error: Table 'dg.contrato' doesn't exist
    at PromiseConnection.execute (/home/andre/Documentos/dev/dgdb/.next/server/chunks/node_modules_mysql2_a3ea85f4._.js:11347:26)
    at GET (/home/andre/Documentos/dev/dgdb/.next/server/chunks/[root of the server]__2a1305cf._.js:269:35)
    at process.processTicksAndRejections (node:internal/process/task_queues:95:5)
    at async AppRouteRouteModule.do (/home/andre/Documentos/dev/dgdb/node_modules/next/dist/compiled/next-server/app-route.runtime.dev.js:26:33891)
    at async AppRouteRouteModule.handle (/home/andre/Documentos/dev/dgdb/node_modules/next/dist/compiled/next-server/app-route.runtime.dev.js:26:41254)
    at async doRender (/home/andre/Documentos/dev/dgdb/node_modules/next/dist/server/base-server.js:1513:42)
    at async DevServer.renderToResponseWithComponentsImpl (/home/andre/Documentos/dev/dgdb/node_modules/next/dist/server/base-server.js:1915:28)
    at async DevServer.renderPageComponent (/home/andre/Documentos/dev/dgdb/node_modules/next/dist/server/base-server.js:2393:24)
    at async DevServer.renderToResponseImpl (/home/andre/Documentos/dev/dgdb/node_modules/next/dist/server/base-server.js:2430:32)
    at async DevServer.pipeImpl (/home/andre/Documentos/dev/dgdb/node_modules/next/dist/server/base-server.js:1003:25)
    at async NextNodeServer.handleCatchallRenderRequest (/home/andre/Documentos/dev/dgdb/node_modules/next/dist/server/next-server.js:304:17)
    at async DevServer.handleRequestImpl (/home/andre/Documentos/dev/dgdb/node_modules/next/dist/server/base-server.js:895:17)
    at async /home/andre/Documentos/dev/dgdb/node_modules/next/dist/server/dev/next-dev-server.js:371:20
    at async Span.traceAsyncFn (/home/andre/Documentos/dev/dgdb/node_modules/next/dist/trace/trace.js:157:20)
    at async DevServer.handleRequest (/home/andre/Documentos/dev/dgdb/node_modules/next/dist/server/dev/next-dev-server.js:368:24)
    at async invokeRender (/home/andre/Documentos/dev/dgdb/node_modules/next/dist/server/lib/router-server.js:235:21)
    at async handleRequest (/home/andre/Documentos/dev/dgdb/node_modules/next/dist/server/lib/router-server.js:426:24)
    at async requestHandlerImpl (/home/andre/Documentos/dev/dgdb/node_modules/next/dist/server/lib/router-server.js:450:13)
    at async Server.requestListener (/home/andre/Documentos/dev/dgdb/node_modules/next/dist/server/lib/start-server.js:158:13)
2025-04-18T11:55:14.621Z - Erro ao buscar docente - Error: Table 'dg.contrato' doesn't exist
    at PromiseConnection.execute (/home/andre/Documentos/dev/dgdb/.next/server/chunks/node_modules_mysql2_a3ea85f4._.js:11347:26)
    at GET (/home/andre/Documentos/dev/dgdb/.next/server/chunks/[root of the server]__2a1305cf._.js:269:35)
    at process.processTicksAndRejections (node:internal/process/task_queues:95:5)
    at async AppRouteRouteModule.do (/home/andre/Documentos/dev/dgdb/node_modules/next/dist/compiled/next-server/app-route.runtime.dev.js:26:33891)
    at async AppRouteRouteModule.handle (/home/andre/Documentos/dev/dgdb/node_modules/next/dist/compiled/next-server/app-route.runtime.dev.js:26:41254)
    at async doRender (/home/andre/Documentos/dev/dgdb/node_modules/next/dist/server/base-server.js:1513:42)
    at async DevServer.renderToResponseWithComponentsImpl (/home/andre/Documentos/dev/dgdb/node_modules/next/dist/server/base-server.js:1915:28)
    at async DevServer.renderPageComponent (/home/andre/Documentos/dev/dgdb/node_modules/next/dist/server/base-server.js:2393:24)
    at async DevServer.renderToResponseImpl (/home/andre/Documentos/dev/dgdb/node_modules/next/dist/server/base-server.js:2430:32)
    at async DevServer.pipeImpl (/home/andre/Documentos/dev/dgdb/node_modules/next/dist/server/base-server.js:1003:25)
    at async NextNodeServer.handleCatchallRenderRequest (/home/andre/Documentos/dev/dgdb/node_modules/next/dist/server/next-server.js:304:17)
    at async DevServer.handleRequestImpl (/home/andre/Documentos/dev/dgdb/node_modules/next/dist/server/base-server.js:895:17)
    at async /home/andre/Documentos/dev/dgdb/node_modules/next/dist/server/dev/next-dev-server.js:371:20
    at async Span.traceAsyncFn (/home/andre/Documentos/dev/dgdb/node_modules/next/dist/trace/trace.js:157:20)
    at async DevServer.handleRequest (/home/andre/Documentos/dev/dgdb/node_modules/next/dist/server/dev/next-dev-server.js:368:24)
    at async invokeRender (/home/andre/Documentos/dev/dgdb/node_modules/next/dist/server/lib/router-server.js:235:21)
    at async handleRequest (/home/andre/Documentos/dev/dgdb/node_modules/next/dist/server/lib/router-server.js:426:24)
    at async requestHandlerImpl (/home/andre/Documentos/dev/dgdb/node_modules/next/dist/server/lib/router-server.js:450:13)
    at async Server.requestListener (/home/andre/Documentos/dev/dgdb/node_modules/next/dist/server/lib/start-server.js:158:13)
2025-04-18T11:55:24.840Z - Erro ao buscar docente - Error: Table 'dg.contrato' doesn't exist
    at PromiseConnection.execute (/home/andre/Documentos/dev/dgdb/.next/server/chunks/node_modules_mysql2_a3ea85f4._.js:11347:26)
    at GET (/home/andre/Documentos/dev/dgdb/.next/server/chunks/[root of the server]__2a1305cf._.js:269:35)
    at process.processTicksAndRejections (node:internal/process/task_queues:95:5)
    at async AppRouteRouteModule.do (/home/andre/Documentos/dev/dgdb/node_modules/next/dist/compiled/next-server/app-route.runtime.dev.js:26:33891)
    at async AppRouteRouteModule.handle (/home/andre/Documentos/dev/dgdb/node_modules/next/dist/compiled/next-server/app-route.runtime.dev.js:26:41254)
    at async doRender (/home/andre/Documentos/dev/dgdb/node_modules/next/dist/server/base-server.js:1513:42)
    at async DevServer.renderToResponseWithComponentsImpl (/home/andre/Documentos/dev/dgdb/node_modules/next/dist/server/base-server.js:1915:28)
    at async DevServer.renderPageComponent (/home/andre/Documentos/dev/dgdb/node_modules/next/dist/server/base-server.js:2393:24)
    at async DevServer.renderToResponseImpl (/home/andre/Documentos/dev/dgdb/node_modules/next/dist/server/base-server.js:2430:32)
    at async DevServer.pipeImpl (/home/andre/Documentos/dev/dgdb/node_modules/next/dist/server/base-server.js:1003:25)
    at async NextNodeServer.handleCatchallRenderRequest (/home/andre/Documentos/dev/dgdb/node_modules/next/dist/server/next-server.js:304:17)
    at async DevServer.handleRequestImpl (/home/andre/Documentos/dev/dgdb/node_modules/next/dist/server/base-server.js:895:17)
    at async /home/andre/Documentos/dev/dgdb/node_modules/next/dist/server/dev/next-dev-server.js:371:20
    at async Span.traceAsyncFn (/home/andre/Documentos/dev/dgdb/node_modules/next/dist/trace/trace.js:157:20)
    at async DevServer.handleRequest (/home/andre/Documentos/dev/dgdb/node_modules/next/dist/server/dev/next-dev-server.js:368:24)
    at async invokeRender (/home/andre/Documentos/dev/dgdb/node_modules/next/dist/server/lib/router-server.js:235:21)
    at async handleRequest (/home/andre/Documentos/dev/dgdb/node_modules/next/dist/server/lib/router-server.js:426:24)
    at async requestHandlerImpl (/home/andre/Documentos/dev/dgdb/node_modules/next/dist/server/lib/router-server.js:450:13)
    at async Server.requestListener (/home/andre/Documentos/dev/dgdb/node_modules/next/dist/server/lib/start-server.js:158:13)
2025-04-18T11:57:02.379Z - Erro ao buscar docente - Error: Table 'dg.contrato' doesn't exist
    at PromiseConnection.execute (/home/andre/Documentos/dev/dgdb/.next/server/chunks/node_modules_mysql2_a3ea85f4._.js:11347:26)
    at GET (/home/andre/Documentos/dev/dgdb/.next/server/chunks/[root of the server]__2a1305cf._.js:269:35)
    at process.processTicksAndRejections (node:internal/process/task_queues:95:5)
    at async AppRouteRouteModule.do (/home/andre/Documentos/dev/dgdb/node_modules/next/dist/compiled/next-server/app-route.runtime.dev.js:26:33891)
    at async AppRouteRouteModule.handle (/home/andre/Documentos/dev/dgdb/node_modules/next/dist/compiled/next-server/app-route.runtime.dev.js:26:41254)
    at async doRender (/home/andre/Documentos/dev/dgdb/node_modules/next/dist/server/base-server.js:1513:42)
    at async DevServer.renderToResponseWithComponentsImpl (/home/andre/Documentos/dev/dgdb/node_modules/next/dist/server/base-server.js:1915:28)
    at async DevServer.renderPageComponent (/home/andre/Documentos/dev/dgdb/node_modules/next/dist/server/base-server.js:2393:24)
    at async DevServer.renderToResponseImpl (/home/andre/Documentos/dev/dgdb/node_modules/next/dist/server/base-server.js:2430:32)
    at async DevServer.pipeImpl (/home/andre/Documentos/dev/dgdb/node_modules/next/dist/server/base-server.js:1003:25)
    at async NextNodeServer.handleCatchallRenderRequest (/home/andre/Documentos/dev/dgdb/node_modules/next/dist/server/next-server.js:304:17)
    at async DevServer.handleRequestImpl (/home/andre/Documentos/dev/dgdb/node_modules/next/dist/server/base-server.js:895:17)
    at async /home/andre/Documentos/dev/dgdb/node_modules/next/dist/server/dev/next-dev-server.js:371:20
    at async Span.traceAsyncFn (/home/andre/Documentos/dev/dgdb/node_modules/next/dist/trace/trace.js:157:20)
    at async DevServer.handleRequest (/home/andre/Documentos/dev/dgdb/node_modules/next/dist/server/dev/next-dev-server.js:368:24)
    at async invokeRender (/home/andre/Documentos/dev/dgdb/node_modules/next/dist/server/lib/router-server.js:235:21)
    at async handleRequest (/home/andre/Documentos/dev/dgdb/node_modules/next/dist/server/lib/router-server.js:426:24)
    at async requestHandlerImpl (/home/andre/Documentos/dev/dgdb/node_modules/next/dist/server/lib/router-server.js:450:13)
    at async Server.requestListener (/home/andre/Documentos/dev/dgdb/node_modules/next/dist/server/lib/start-server.js:158:13)
2025-04-18T11:57:12.362Z - Erro ao buscar docente - Error: Table 'dg.contrato' doesn't exist
    at PromiseConnection.execute (/home/andre/Documentos/dev/dgdb/.next/server/chunks/node_modules_mysql2_a3ea85f4._.js:11347:26)
    at GET (/home/andre/Documentos/dev/dgdb/.next/server/chunks/[root of the server]__2a1305cf._.js:269:35)
    at process.processTicksAndRejections (node:internal/process/task_queues:95:5)
    at async AppRouteRouteModule.do (/home/andre/Documentos/dev/dgdb/node_modules/next/dist/compiled/next-server/app-route.runtime.dev.js:26:33891)
    at async AppRouteRouteModule.handle (/home/andre/Documentos/dev/dgdb/node_modules/next/dist/compiled/next-server/app-route.runtime.dev.js:26:41254)
    at async doRender (/home/andre/Documentos/dev/dgdb/node_modules/next/dist/server/base-server.js:1513:42)
    at async DevServer.renderToResponseWithComponentsImpl (/home/andre/Documentos/dev/dgdb/node_modules/next/dist/server/base-server.js:1915:28)
    at async DevServer.renderPageComponent (/home/andre/Documentos/dev/dgdb/node_modules/next/dist/server/base-server.js:2393:24)
    at async DevServer.renderToResponseImpl (/home/andre/Documentos/dev/dgdb/node_modules/next/dist/server/base-server.js:2430:32)
    at async DevServer.pipeImpl (/home/andre/Documentos/dev/dgdb/node_modules/next/dist/server/base-server.js:1003:25)
    at async NextNodeServer.handleCatchallRenderRequest (/home/andre/Documentos/dev/dgdb/node_modules/next/dist/server/next-server.js:304:17)
    at async DevServer.handleRequestImpl (/home/andre/Documentos/dev/dgdb/node_modules/next/dist/server/base-server.js:895:17)
    at async /home/andre/Documentos/dev/dgdb/node_modules/next/dist/server/dev/next-dev-server.js:371:20
    at async Span.traceAsyncFn (/home/andre/Documentos/dev/dgdb/node_modules/next/dist/trace/trace.js:157:20)
    at async DevServer.handleRequest (/home/andre/Documentos/dev/dgdb/node_modules/next/dist/server/dev/next-dev-server.js:368:24)
    at async invokeRender (/home/andre/Documentos/dev/dgdb/node_modules/next/dist/server/lib/router-server.js:235:21)
    at async handleRequest (/home/andre/Documentos/dev/dgdb/node_modules/next/dist/server/lib/router-server.js:426:24)
    at async requestHandlerImpl (/home/andre/Documentos/dev/dgdb/node_modules/next/dist/server/lib/router-server.js:450:13)
    at async Server.requestListener (/home/andre/Documentos/dev/dgdb/node_modules/next/dist/server/lib/start-server.js:158:13)
2025-04-18T11:59:18.744Z - Erro ao buscar dados de docente - Error: Table 'dg.contrato' doesn't exist
    at PromiseConnection.execute (/home/andre/Documentos/dev/dgdb/.next/server/chunks/node_modules_mysql2_a3ea85f4._.js:11347:26)
    at GET (/home/andre/Documentos/dev/dgdb/.next/server/chunks/[root of the server]__2a1305cf._.js:269:35)
    at process.processTicksAndRejections (node:internal/process/task_queues:95:5)
    at async AppRouteRouteModule.do (/home/andre/Documentos/dev/dgdb/node_modules/next/dist/compiled/next-server/app-route.runtime.dev.js:26:33891)
    at async AppRouteRouteModule.handle (/home/andre/Documentos/dev/dgdb/node_modules/next/dist/compiled/next-server/app-route.runtime.dev.js:26:41254)
    at async doRender (/home/andre/Documentos/dev/dgdb/node_modules/next/dist/server/base-server.js:1513:42)
    at async DevServer.renderToResponseWithComponentsImpl (/home/andre/Documentos/dev/dgdb/node_modules/next/dist/server/base-server.js:1915:28)
    at async DevServer.renderPageComponent (/home/andre/Documentos/dev/dgdb/node_modules/next/dist/server/base-server.js:2393:24)
    at async DevServer.renderToResponseImpl (/home/andre/Documentos/dev/dgdb/node_modules/next/dist/server/base-server.js:2430:32)
    at async DevServer.pipeImpl (/home/andre/Documentos/dev/dgdb/node_modules/next/dist/server/base-server.js:1003:25)
    at async NextNodeServer.handleCatchallRenderRequest (/home/andre/Documentos/dev/dgdb/node_modules/next/dist/server/next-server.js:304:17)
    at async DevServer.handleRequestImpl (/home/andre/Documentos/dev/dgdb/node_modules/next/dist/server/base-server.js:895:17)
    at async /home/andre/Documentos/dev/dgdb/node_modules/next/dist/server/dev/next-dev-server.js:371:20
    at async Span.traceAsyncFn (/home/andre/Documentos/dev/dgdb/node_modules/next/dist/trace/trace.js:157:20)
    at async DevServer.handleRequest (/home/andre/Documentos/dev/dgdb/node_modules/next/dist/server/dev/next-dev-server.js:368:24)
    at async invokeRender (/home/andre/Documentos/dev/dgdb/node_modules/next/dist/server/lib/router-server.js:235:21)
    at async handleRequest (/home/andre/Documentos/dev/dgdb/node_modules/next/dist/server/lib/router-server.js:426:24)
    at async requestHandlerImpl (/home/andre/Documentos/dev/dgdb/node_modules/next/dist/server/lib/router-server.js:450:13)
    at async Server.requestListener (/home/andre/Documentos/dev/dgdb/node_modules/next/dist/server/lib/start-server.js:158:13)
2025-04-18T11:59:48.058Z - Erro ao buscar dados de docente - Error: Table 'dg.contrato' doesn't exist
    at PromiseConnection.execute (/home/andre/Documentos/dev/dgdb/.next/server/chunks/node_modules_mysql2_a3ea85f4._.js:11347:26)
    at GET (/home/andre/Documentos/dev/dgdb/.next/server/chunks/[root of the server]__2a1305cf._.js:269:35)
    at process.processTicksAndRejections (node:internal/process/task_queues:95:5)
    at async AppRouteRouteModule.do (/home/andre/Documentos/dev/dgdb/node_modules/next/dist/compiled/next-server/app-route.runtime.dev.js:26:33891)
    at async AppRouteRouteModule.handle (/home/andre/Documentos/dev/dgdb/node_modules/next/dist/compiled/next-server/app-route.runtime.dev.js:26:41254)
    at async doRender (/home/andre/Documentos/dev/dgdb/node_modules/next/dist/server/base-server.js:1513:42)
    at async DevServer.renderToResponseWithComponentsImpl (/home/andre/Documentos/dev/dgdb/node_modules/next/dist/server/base-server.js:1915:28)
    at async DevServer.renderPageComponent (/home/andre/Documentos/dev/dgdb/node_modules/next/dist/server/base-server.js:2393:24)
    at async DevServer.renderToResponseImpl (/home/andre/Documentos/dev/dgdb/node_modules/next/dist/server/base-server.js:2430:32)
    at async DevServer.pipeImpl (/home/andre/Documentos/dev/dgdb/node_modules/next/dist/server/base-server.js:1003:25)
    at async NextNodeServer.handleCatchallRenderRequest (/home/andre/Documentos/dev/dgdb/node_modules/next/dist/server/next-server.js:304:17)
    at async DevServer.handleRequestImpl (/home/andre/Documentos/dev/dgdb/node_modules/next/dist/server/base-server.js:895:17)
    at async /home/andre/Documentos/dev/dgdb/node_modules/next/dist/server/dev/next-dev-server.js:371:20
    at async Span.traceAsyncFn (/home/andre/Documentos/dev/dgdb/node_modules/next/dist/trace/trace.js:157:20)
    at async DevServer.handleRequest (/home/andre/Documentos/dev/dgdb/node_modules/next/dist/server/dev/next-dev-server.js:368:24)
    at async invokeRender (/home/andre/Documentos/dev/dgdb/node_modules/next/dist/server/lib/router-server.js:235:21)
    at async handleRequest (/home/andre/Documentos/dev/dgdb/node_modules/next/dist/server/lib/router-server.js:426:24)
    at async requestHandlerImpl (/home/andre/Documentos/dev/dgdb/node_modules/next/dist/server/lib/router-server.js:450:13)
    at async Server.requestListener (/home/andre/Documentos/dev/dgdb/node_modules/next/dist/server/lib/start-server.js:158:13)
